<?xml version="1.0" encoding="UTF-8"?>
<!-- Generated by org.testng.reporters.JUnitXMLReporter -->
<testsuite ignored="0" hostname="DESKTOP-E5CUOHK" failures="0" tests="6" name="Test" time="134.18" errors="0" timestamp="2021-08-28T03:24:23 PDT">
  <testcase classname="com_testsenarios.Assign_26" name="login" time="13.346"/>
  <testcase classname="shareCircle.TC_001" name="login" time="36.078"/>
  <testcase classname="com_testsenarios.FB_Login2" name="login" time="6.115"/>
  <testcase classname="com_testsenarios.Classteemplete" name="screenshot" time="0.003"/>
  <testcase classname="com_testsenarios.FB_login" name="login" time="7.461"/>
  <testcase classname="com_testsenarios.Apple_assign25" name="endToEndProsess" time="38.92"/>
</testsuite> <!-- Test -->
